[31-07-2025 23:35:44,640] INFO  com.telcel.crm.dssc.respaldos.respaldosSoporte.RespaldosSoporteApplication - Se inicia Respaldos para fecha 310725
[31-07-2025 23:35:48,104] INFO  com.telcel.crm.dssc.respaldos.respaldosSoporte.RespaldosSoporteApplication - Archvios Encontrados: 1175
[31-07-2025 23:35:54,410] INFO  com.telcel.crm.dssc.respaldos.respaldosSoporte.utils.RespaldoArchivos - Porcentaje: 10%
[31-07-2025 23:35:54,457] INFO  com.telcel.crm.dssc.respaldos.respaldosSoporte.utils.RespaldoArchivos - Porcentaje: 10%
[31-07-2025 23:35:54,514] INFO  com.telcel.crm.dssc.respaldos.respaldosSoporte.utils.RespaldoArchivos - Porcentaje: 10%
[31-07-2025 23:35:54,561] INFO  com.telcel.crm.dssc.respaldos.respaldosSoporte.utils.RespaldoArchivos - Porcentaje: 10%
[31-07-2025 23:35:54,610] INFO  com.telcel.crm.dssc.respaldos.respaldosSoporte.utils.RespaldoArchivos - Porcentaje: 10%
[31-07-2025 23:35:54,658] INFO  com.telcel.crm.dssc.respaldos.respaldosSoporte.utils.RespaldoArchivos - Porcentaje: 10%
[31-07-2025 23:35:54,709] INFO  com.telcel.crm.dssc.respaldos.respaldosSoporte.utils.RespaldoArchivos - Porcentaje: 10%
[31-07-2025 23:35:54,760] INFO  com.telcel.crm.dssc.respaldos.respaldosSoporte.utils.RespaldoArchivos - Porcentaje: 10%
[31-07-2025 23:35:54,806] INFO  com.telcel.crm.dssc.respaldos.respaldosSoporte.utils.RespaldoArchivos - Porcentaje: 10%
[31-07-2025 23:35:54,856] INFO  com.telcel.crm.dssc.respaldos.respaldosSoporte.utils.RespaldoArchivos - Porcentaje: 10%
[31-07-2025 23:35:54,905] INFO  com.telcel.crm.dssc.respaldos.respaldosSoporte.utils.RespaldoArchivos - Porcentaje: 10%
[31-07-2025 23:35:54,962] INFO  com.telcel.crm.dssc.respaldos.respaldosSoporte.utils.RespaldoArchivos - Porcentaje: 10%
[31-07-2025 23:36:00,155] INFO  com.telcel.crm.dssc.respaldos.respaldosSoporte.utils.RespaldoArchivos - Porcentaje: 20%
[31-07-2025 23:36:00,200] INFO  com.telcel.crm.dssc.respaldos.respaldosSoporte.utils.RespaldoArchivos - Porcentaje: 20%
[31-07-2025 23:36:00,247] INFO  com.telcel.crm.dssc.respaldos.respaldosSoporte.utils.RespaldoArchivos - Porcentaje: 20%
[31-07-2025 23:36:00,295] INFO  com.telcel.crm.dssc.respaldos.respaldosSoporte.utils.RespaldoArchivos - Porcentaje: 20%
[31-07-2025 23:36:00,342] INFO  com.telcel.crm.dssc.respaldos.respaldosSoporte.utils.RespaldoArchivos - Porcentaje: 20%
[31-07-2025 23:36:00,389] INFO  com.telcel.crm.dssc.respaldos.respaldosSoporte.utils.RespaldoArchivos - Porcentaje: 20%
[31-07-2025 23:36:00,437] INFO  com.telcel.crm.dssc.respaldos.respaldosSoporte.utils.RespaldoArchivos - Porcentaje: 20%
[31-07-2025 23:36:00,486] INFO  com.telcel.crm.dssc.respaldos.respaldosSoporte.utils.RespaldoArchivos - Porcentaje: 20%
[31-07-2025 23:36:00,545] INFO  com.telcel.crm.dssc.respaldos.respaldosSoporte.utils.RespaldoArchivos - Porcentaje: 20%
[31-07-2025 23:36:00,606] INFO  com.telcel.crm.dssc.respaldos.respaldosSoporte.utils.RespaldoArchivos - Porcentaje: 20%
[31-07-2025 23:36:00,652] INFO  com.telcel.crm.dssc.respaldos.respaldosSoporte.utils.RespaldoArchivos - Porcentaje: 20%
[31-07-2025 23:36:00,700] INFO  com.telcel.crm.dssc.respaldos.respaldosSoporte.utils.RespaldoArchivos - Porcentaje: 20%
[31-07-2025 23:36:05,941] INFO  com.telcel.crm.dssc.respaldos.respaldosSoporte.utils.RespaldoArchivos - Porcentaje: 30%
[31-07-2025 23:36:05,990] INFO  com.telcel.crm.dssc.respaldos.respaldosSoporte.utils.RespaldoArchivos - Porcentaje: 30%
[31-07-2025 23:36:06,041] INFO  com.telcel.crm.dssc.respaldos.respaldosSoporte.utils.RespaldoArchivos - Porcentaje: 30%
[31-07-2025 23:36:06,086] INFO  com.telcel.crm.dssc.respaldos.respaldosSoporte.utils.RespaldoArchivos - Porcentaje: 30%
[31-07-2025 23:36:06,135] INFO  com.telcel.crm.dssc.respaldos.respaldosSoporte.utils.RespaldoArchivos - Porcentaje: 30%
[31-07-2025 23:36:06,181] INFO  com.telcel.crm.dssc.respaldos.respaldosSoporte.utils.RespaldoArchivos - Porcentaje: 30%
[31-07-2025 23:36:06,228] INFO  com.telcel.crm.dssc.respaldos.respaldosSoporte.utils.RespaldoArchivos - Porcentaje: 30%
[31-07-2025 23:36:06,275] INFO  com.telcel.crm.dssc.respaldos.respaldosSoporte.utils.RespaldoArchivos - Porcentaje: 30%
[31-07-2025 23:36:06,323] INFO  com.telcel.crm.dssc.respaldos.respaldosSoporte.utils.RespaldoArchivos - Porcentaje: 30%
[31-07-2025 23:36:06,373] INFO  com.telcel.crm.dssc.respaldos.respaldosSoporte.utils.RespaldoArchivos - Porcentaje: 30%
[31-07-2025 23:36:06,421] INFO  com.telcel.crm.dssc.respaldos.respaldosSoporte.utils.RespaldoArchivos - Porcentaje: 30%
[31-07-2025 23:36:06,480] INFO  com.telcel.crm.dssc.respaldos.respaldosSoporte.utils.RespaldoArchivos - Porcentaje: 30%
[31-07-2025 23:36:11,767] INFO  com.telcel.crm.dssc.respaldos.respaldosSoporte.utils.RespaldoArchivos - Porcentaje: 40%
[31-07-2025 23:36:11,825] INFO  com.telcel.crm.dssc.respaldos.respaldosSoporte.utils.RespaldoArchivos - Porcentaje: 40%
[31-07-2025 23:36:11,878] INFO  com.telcel.crm.dssc.respaldos.respaldosSoporte.utils.RespaldoArchivos - Porcentaje: 40%
[31-07-2025 23:36:11,933] INFO  com.telcel.crm.dssc.respaldos.respaldosSoporte.utils.RespaldoArchivos - Porcentaje: 40%
[31-07-2025 23:36:11,987] INFO  com.telcel.crm.dssc.respaldos.respaldosSoporte.utils.RespaldoArchivos - Porcentaje: 40%
[31-07-2025 23:36:12,035] INFO  com.telcel.crm.dssc.respaldos.respaldosSoporte.utils.RespaldoArchivos - Porcentaje: 40%
[31-07-2025 23:36:12,082] INFO  com.telcel.crm.dssc.respaldos.respaldosSoporte.utils.RespaldoArchivos - Porcentaje: 40%
[31-07-2025 23:36:12,128] INFO  com.telcel.crm.dssc.respaldos.respaldosSoporte.utils.RespaldoArchivos - Porcentaje: 40%
[31-07-2025 23:36:12,174] INFO  com.telcel.crm.dssc.respaldos.respaldosSoporte.utils.RespaldoArchivos - Porcentaje: 40%
[31-07-2025 23:36:12,222] INFO  com.telcel.crm.dssc.respaldos.respaldosSoporte.utils.RespaldoArchivos - Porcentaje: 40%
[31-07-2025 23:36:12,270] INFO  com.telcel.crm.dssc.respaldos.respaldosSoporte.utils.RespaldoArchivos - Porcentaje: 40%
[31-07-2025 23:36:12,316] INFO  com.telcel.crm.dssc.respaldos.respaldosSoporte.utils.RespaldoArchivos - Porcentaje: 40%
[31-07-2025 23:36:17,540] INFO  com.telcel.crm.dssc.respaldos.respaldosSoporte.utils.RespaldoArchivos - Porcentaje: 50%
[31-07-2025 23:36:17,585] INFO  com.telcel.crm.dssc.respaldos.respaldosSoporte.utils.RespaldoArchivos - Porcentaje: 50%
[31-07-2025 23:36:17,632] INFO  com.telcel.crm.dssc.respaldos.respaldosSoporte.utils.RespaldoArchivos - Porcentaje: 50%
[31-07-2025 23:36:17,678] INFO  com.telcel.crm.dssc.respaldos.respaldosSoporte.utils.RespaldoArchivos - Porcentaje: 50%
[31-07-2025 23:36:17,723] INFO  com.telcel.crm.dssc.respaldos.respaldosSoporte.utils.RespaldoArchivos - Porcentaje: 50%
[31-07-2025 23:36:17,768] INFO  com.telcel.crm.dssc.respaldos.respaldosSoporte.utils.RespaldoArchivos - Porcentaje: 50%
[31-07-2025 23:36:17,812] INFO  com.telcel.crm.dssc.respaldos.respaldosSoporte.utils.RespaldoArchivos - Porcentaje: 50%
[31-07-2025 23:36:17,860] INFO  com.telcel.crm.dssc.respaldos.respaldosSoporte.utils.RespaldoArchivos - Porcentaje: 50%
[31-07-2025 23:36:17,905] INFO  com.telcel.crm.dssc.respaldos.respaldosSoporte.utils.RespaldoArchivos - Porcentaje: 50%
[31-07-2025 23:36:17,950] INFO  com.telcel.crm.dssc.respaldos.respaldosSoporte.utils.RespaldoArchivos - Porcentaje: 50%
[31-07-2025 23:36:17,996] INFO  com.telcel.crm.dssc.respaldos.respaldosSoporte.utils.RespaldoArchivos - Porcentaje: 50%
[31-07-2025 23:36:18,042] INFO  com.telcel.crm.dssc.respaldos.respaldosSoporte.utils.RespaldoArchivos - Porcentaje: 50%
[31-07-2025 23:36:23,026] INFO  com.telcel.crm.dssc.respaldos.respaldosSoporte.utils.RespaldoArchivos - Porcentaje: 60%
[31-07-2025 23:36:23,074] INFO  com.telcel.crm.dssc.respaldos.respaldosSoporte.utils.RespaldoArchivos - Porcentaje: 60%
[31-07-2025 23:36:23,125] INFO  com.telcel.crm.dssc.respaldos.respaldosSoporte.utils.RespaldoArchivos - Porcentaje: 60%
[31-07-2025 23:36:23,173] INFO  com.telcel.crm.dssc.respaldos.respaldosSoporte.utils.RespaldoArchivos - Porcentaje: 60%
[31-07-2025 23:36:23,225] INFO  com.telcel.crm.dssc.respaldos.respaldosSoporte.utils.RespaldoArchivos - Porcentaje: 60%
[31-07-2025 23:36:23,272] INFO  com.telcel.crm.dssc.respaldos.respaldosSoporte.utils.RespaldoArchivos - Porcentaje: 60%
[31-07-2025 23:36:23,332] INFO  com.telcel.crm.dssc.respaldos.respaldosSoporte.utils.RespaldoArchivos - Porcentaje: 60%
[31-07-2025 23:36:23,381] INFO  com.telcel.crm.dssc.respaldos.respaldosSoporte.utils.RespaldoArchivos - Porcentaje: 60%
[31-07-2025 23:36:23,431] INFO  com.telcel.crm.dssc.respaldos.respaldosSoporte.utils.RespaldoArchivos - Porcentaje: 60%
[31-07-2025 23:36:23,477] INFO  com.telcel.crm.dssc.respaldos.respaldosSoporte.utils.RespaldoArchivos - Porcentaje: 60%
[31-07-2025 23:36:23,523] INFO  com.telcel.crm.dssc.respaldos.respaldosSoporte.utils.RespaldoArchivos - Porcentaje: 60%
[31-07-2025 23:36:23,569] INFO  com.telcel.crm.dssc.respaldos.respaldosSoporte.utils.RespaldoArchivos - Porcentaje: 60%
[31-07-2025 23:36:29,240] INFO  com.telcel.crm.dssc.respaldos.respaldosSoporte.utils.RespaldoArchivos - Porcentaje: 70%
[31-07-2025 23:36:29,290] INFO  com.telcel.crm.dssc.respaldos.respaldosSoporte.utils.RespaldoArchivos - Porcentaje: 70%
[31-07-2025 23:36:29,349] INFO  com.telcel.crm.dssc.respaldos.respaldosSoporte.utils.RespaldoArchivos - Porcentaje: 70%
[31-07-2025 23:36:29,401] INFO  com.telcel.crm.dssc.respaldos.respaldosSoporte.utils.RespaldoArchivos - Porcentaje: 70%
[31-07-2025 23:36:29,457] INFO  com.telcel.crm.dssc.respaldos.respaldosSoporte.utils.RespaldoArchivos - Porcentaje: 70%
[31-07-2025 23:36:29,507] INFO  com.telcel.crm.dssc.respaldos.respaldosSoporte.utils.RespaldoArchivos - Porcentaje: 70%
[31-07-2025 23:36:29,570] INFO  com.telcel.crm.dssc.respaldos.respaldosSoporte.utils.RespaldoArchivos - Porcentaje: 70%
[31-07-2025 23:36:29,640] INFO  com.telcel.crm.dssc.respaldos.respaldosSoporte.utils.RespaldoArchivos - Porcentaje: 70%
[31-07-2025 23:36:29,686] INFO  com.telcel.crm.dssc.respaldos.respaldosSoporte.utils.RespaldoArchivos - Porcentaje: 70%
[31-07-2025 23:36:29,735] INFO  com.telcel.crm.dssc.respaldos.respaldosSoporte.utils.RespaldoArchivos - Porcentaje: 70%
[31-07-2025 23:36:29,782] INFO  com.telcel.crm.dssc.respaldos.respaldosSoporte.utils.RespaldoArchivos - Porcentaje: 70%
[31-07-2025 23:36:29,839] INFO  com.telcel.crm.dssc.respaldos.respaldosSoporte.utils.RespaldoArchivos - Porcentaje: 70%
[31-07-2025 23:36:35,063] INFO  com.telcel.crm.dssc.respaldos.respaldosSoporte.utils.RespaldoArchivos - Porcentaje: 80%
[31-07-2025 23:36:35,109] INFO  com.telcel.crm.dssc.respaldos.respaldosSoporte.utils.RespaldoArchivos - Porcentaje: 80%
[31-07-2025 23:36:35,157] INFO  com.telcel.crm.dssc.respaldos.respaldosSoporte.utils.RespaldoArchivos - Porcentaje: 80%
[31-07-2025 23:36:35,201] INFO  com.telcel.crm.dssc.respaldos.respaldosSoporte.utils.RespaldoArchivos - Porcentaje: 80%
[31-07-2025 23:36:35,245] INFO  com.telcel.crm.dssc.respaldos.respaldosSoporte.utils.RespaldoArchivos - Porcentaje: 80%
[31-07-2025 23:36:35,293] INFO  com.telcel.crm.dssc.respaldos.respaldosSoporte.utils.RespaldoArchivos - Porcentaje: 80%
[31-07-2025 23:36:35,340] INFO  com.telcel.crm.dssc.respaldos.respaldosSoporte.utils.RespaldoArchivos - Porcentaje: 80%
[31-07-2025 23:36:35,386] INFO  com.telcel.crm.dssc.respaldos.respaldosSoporte.utils.RespaldoArchivos - Porcentaje: 80%
[31-07-2025 23:36:35,435] INFO  com.telcel.crm.dssc.respaldos.respaldosSoporte.utils.RespaldoArchivos - Porcentaje: 80%
[31-07-2025 23:36:35,481] INFO  com.telcel.crm.dssc.respaldos.respaldosSoporte.utils.RespaldoArchivos - Porcentaje: 80%
[31-07-2025 23:36:35,534] INFO  com.telcel.crm.dssc.respaldos.respaldosSoporte.utils.RespaldoArchivos - Porcentaje: 80%
[31-07-2025 23:36:35,581] INFO  com.telcel.crm.dssc.respaldos.respaldosSoporte.utils.RespaldoArchivos - Porcentaje: 80%
[31-07-2025 23:36:40,863] INFO  com.telcel.crm.dssc.respaldos.respaldosSoporte.utils.RespaldoArchivos - Porcentaje: 90%
[31-07-2025 23:36:40,919] INFO  com.telcel.crm.dssc.respaldos.respaldosSoporte.utils.RespaldoArchivos - Porcentaje: 90%
[31-07-2025 23:36:40,980] INFO  com.telcel.crm.dssc.respaldos.respaldosSoporte.utils.RespaldoArchivos - Porcentaje: 90%
[31-07-2025 23:36:41,031] INFO  com.telcel.crm.dssc.respaldos.respaldosSoporte.utils.RespaldoArchivos - Porcentaje: 90%
[31-07-2025 23:36:41,083] INFO  com.telcel.crm.dssc.respaldos.respaldosSoporte.utils.RespaldoArchivos - Porcentaje: 90%
[31-07-2025 23:36:41,138] INFO  com.telcel.crm.dssc.respaldos.respaldosSoporte.utils.RespaldoArchivos - Porcentaje: 90%
[31-07-2025 23:36:41,191] INFO  com.telcel.crm.dssc.respaldos.respaldosSoporte.utils.RespaldoArchivos - Porcentaje: 90%
[31-07-2025 23:36:41,242] INFO  com.telcel.crm.dssc.respaldos.respaldosSoporte.utils.RespaldoArchivos - Porcentaje: 90%
[31-07-2025 23:36:41,290] INFO  com.telcel.crm.dssc.respaldos.respaldosSoporte.utils.RespaldoArchivos - Porcentaje: 90%
[31-07-2025 23:36:41,344] INFO  com.telcel.crm.dssc.respaldos.respaldosSoporte.utils.RespaldoArchivos - Porcentaje: 90%
[31-07-2025 23:36:41,390] INFO  com.telcel.crm.dssc.respaldos.respaldosSoporte.utils.RespaldoArchivos - Porcentaje: 90%
[31-07-2025 23:36:41,448] INFO  com.telcel.crm.dssc.respaldos.respaldosSoporte.utils.RespaldoArchivos - Porcentaje: 90%
[31-07-2025 23:36:47,448] INFO  com.telcel.crm.dssc.respaldos.respaldosSoporte.utils.RespaldoArchivos - Porcentaje: 100%
[31-07-2025 23:36:47,449] INFO  com.telcel.crm.dssc.respaldos.respaldosSoporte.utils.RespaldoArchivos - Archivo respaldados exitosamente. Cantidad: 1175
[31-07-2025 23:38:35,409] INFO  com.telcel.crm.dssc.respaldos.respaldosSoporte.RespaldosSoporteApplication - Se inicia Respaldos para fecha 310725
[31-07-2025 23:38:38,781] INFO  com.telcel.crm.dssc.respaldos.respaldosSoporte.RespaldosSoporteApplication - Archvios Encontrados: 1175
[31-07-2025 23:38:45,033] INFO  com.telcel.crm.dssc.respaldos.respaldosSoporte.utils.RespaldoArchivos - Porcentaje: 10%
[31-07-2025 23:38:45,079] INFO  com.telcel.crm.dssc.respaldos.respaldosSoporte.utils.RespaldoArchivos - Porcentaje: 10%
[31-07-2025 23:38:45,138] INFO  com.telcel.crm.dssc.respaldos.respaldosSoporte.utils.RespaldoArchivos - Porcentaje: 10%
[31-07-2025 23:38:45,184] INFO  com.telcel.crm.dssc.respaldos.respaldosSoporte.utils.RespaldoArchivos - Porcentaje: 10%
[31-07-2025 23:38:45,232] INFO  com.telcel.crm.dssc.respaldos.respaldosSoporte.utils.RespaldoArchivos - Porcentaje: 10%
[31-07-2025 23:38:45,281] INFO  com.telcel.crm.dssc.respaldos.respaldosSoporte.utils.RespaldoArchivos - Porcentaje: 10%
[31-07-2025 23:38:45,326] INFO  com.telcel.crm.dssc.respaldos.respaldosSoporte.utils.RespaldoArchivos - Porcentaje: 10%
[31-07-2025 23:38:45,371] INFO  com.telcel.crm.dssc.respaldos.respaldosSoporte.utils.RespaldoArchivos - Porcentaje: 10%
[31-07-2025 23:38:45,418] INFO  com.telcel.crm.dssc.respaldos.respaldosSoporte.utils.RespaldoArchivos - Porcentaje: 10%
[31-07-2025 23:38:45,469] INFO  com.telcel.crm.dssc.respaldos.respaldosSoporte.utils.RespaldoArchivos - Porcentaje: 10%
[31-07-2025 23:38:45,516] INFO  com.telcel.crm.dssc.respaldos.respaldosSoporte.utils.RespaldoArchivos - Porcentaje: 10%
[31-07-2025 23:38:45,574] INFO  com.telcel.crm.dssc.respaldos.respaldosSoporte.utils.RespaldoArchivos - Porcentaje: 10%
[31-07-2025 23:38:50,722] INFO  com.telcel.crm.dssc.respaldos.respaldosSoporte.utils.RespaldoArchivos - Porcentaje: 20%
[31-07-2025 23:38:50,768] INFO  com.telcel.crm.dssc.respaldos.respaldosSoporte.utils.RespaldoArchivos - Porcentaje: 20%
[31-07-2025 23:38:50,814] INFO  com.telcel.crm.dssc.respaldos.respaldosSoporte.utils.RespaldoArchivos - Porcentaje: 20%
[31-07-2025 23:38:50,859] INFO  com.telcel.crm.dssc.respaldos.respaldosSoporte.utils.RespaldoArchivos - Porcentaje: 20%
[31-07-2025 23:38:50,906] INFO  com.telcel.crm.dssc.respaldos.respaldosSoporte.utils.RespaldoArchivos - Porcentaje: 20%
[31-07-2025 23:38:50,949] INFO  com.telcel.crm.dssc.respaldos.respaldosSoporte.utils.RespaldoArchivos - Porcentaje: 20%
[31-07-2025 23:38:50,995] INFO  com.telcel.crm.dssc.respaldos.respaldosSoporte.utils.RespaldoArchivos - Porcentaje: 20%
[31-07-2025 23:38:51,043] INFO  com.telcel.crm.dssc.respaldos.respaldosSoporte.utils.RespaldoArchivos - Porcentaje: 20%
[31-07-2025 23:38:51,087] INFO  com.telcel.crm.dssc.respaldos.respaldosSoporte.utils.RespaldoArchivos - Porcentaje: 20%
[31-07-2025 23:38:51,134] INFO  com.telcel.crm.dssc.respaldos.respaldosSoporte.utils.RespaldoArchivos - Porcentaje: 20%
[31-07-2025 23:38:51,179] INFO  com.telcel.crm.dssc.respaldos.respaldosSoporte.utils.RespaldoArchivos - Porcentaje: 20%
[31-07-2025 23:38:51,226] INFO  com.telcel.crm.dssc.respaldos.respaldosSoporte.utils.RespaldoArchivos - Porcentaje: 20%
[31-07-2025 23:38:56,600] INFO  com.telcel.crm.dssc.respaldos.respaldosSoporte.utils.RespaldoArchivos - Porcentaje: 30%
[31-07-2025 23:38:56,647] INFO  com.telcel.crm.dssc.respaldos.respaldosSoporte.utils.RespaldoArchivos - Porcentaje: 30%
[31-07-2025 23:38:56,695] INFO  com.telcel.crm.dssc.respaldos.respaldosSoporte.utils.RespaldoArchivos - Porcentaje: 30%
[31-07-2025 23:38:56,740] INFO  com.telcel.crm.dssc.respaldos.respaldosSoporte.utils.RespaldoArchivos - Porcentaje: 30%
[31-07-2025 23:38:56,788] INFO  com.telcel.crm.dssc.respaldos.respaldosSoporte.utils.RespaldoArchivos - Porcentaje: 30%
[31-07-2025 23:38:56,833] INFO  com.telcel.crm.dssc.respaldos.respaldosSoporte.utils.RespaldoArchivos - Porcentaje: 30%
[31-07-2025 23:38:56,880] INFO  com.telcel.crm.dssc.respaldos.respaldosSoporte.utils.RespaldoArchivos - Porcentaje: 30%
[31-07-2025 23:38:56,931] INFO  com.telcel.crm.dssc.respaldos.respaldosSoporte.utils.RespaldoArchivos - Porcentaje: 30%
[31-07-2025 23:38:56,991] INFO  com.telcel.crm.dssc.respaldos.respaldosSoporte.utils.RespaldoArchivos - Porcentaje: 30%
[31-07-2025 23:38:57,070] INFO  com.telcel.crm.dssc.respaldos.respaldosSoporte.utils.RespaldoArchivos - Porcentaje: 30%
[31-07-2025 23:38:57,116] INFO  com.telcel.crm.dssc.respaldos.respaldosSoporte.utils.RespaldoArchivos - Porcentaje: 30%
[31-07-2025 23:38:57,172] INFO  com.telcel.crm.dssc.respaldos.respaldosSoporte.utils.RespaldoArchivos - Porcentaje: 30%
[31-07-2025 23:39:02,633] INFO  com.telcel.crm.dssc.respaldos.respaldosSoporte.utils.RespaldoArchivos - Porcentaje: 40%
[31-07-2025 23:39:02,679] INFO  com.telcel.crm.dssc.respaldos.respaldosSoporte.utils.RespaldoArchivos - Porcentaje: 40%
[31-07-2025 23:39:02,733] INFO  com.telcel.crm.dssc.respaldos.respaldosSoporte.utils.RespaldoArchivos - Porcentaje: 40%
[31-07-2025 23:39:02,781] INFO  com.telcel.crm.dssc.respaldos.respaldosSoporte.utils.RespaldoArchivos - Porcentaje: 40%
[31-07-2025 23:39:02,830] INFO  com.telcel.crm.dssc.respaldos.respaldosSoporte.utils.RespaldoArchivos - Porcentaje: 40%
[31-07-2025 23:39:02,875] INFO  com.telcel.crm.dssc.respaldos.respaldosSoporte.utils.RespaldoArchivos - Porcentaje: 40%
[31-07-2025 23:39:02,920] INFO  com.telcel.crm.dssc.respaldos.respaldosSoporte.utils.RespaldoArchivos - Porcentaje: 40%
[31-07-2025 23:39:02,966] INFO  com.telcel.crm.dssc.respaldos.respaldosSoporte.utils.RespaldoArchivos - Porcentaje: 40%
[31-07-2025 23:39:03,012] INFO  com.telcel.crm.dssc.respaldos.respaldosSoporte.utils.RespaldoArchivos - Porcentaje: 40%
[31-07-2025 23:39:03,059] INFO  com.telcel.crm.dssc.respaldos.respaldosSoporte.utils.RespaldoArchivos - Porcentaje: 40%
[31-07-2025 23:39:03,104] INFO  com.telcel.crm.dssc.respaldos.respaldosSoporte.utils.RespaldoArchivos - Porcentaje: 40%
[31-07-2025 23:39:03,149] INFO  com.telcel.crm.dssc.respaldos.respaldosSoporte.utils.RespaldoArchivos - Porcentaje: 40%
[31-07-2025 23:39:08,360] INFO  com.telcel.crm.dssc.respaldos.respaldosSoporte.utils.RespaldoArchivos - Porcentaje: 50%
[31-07-2025 23:39:08,407] INFO  com.telcel.crm.dssc.respaldos.respaldosSoporte.utils.RespaldoArchivos - Porcentaje: 50%
[31-07-2025 23:39:08,455] INFO  com.telcel.crm.dssc.respaldos.respaldosSoporte.utils.RespaldoArchivos - Porcentaje: 50%
[31-07-2025 23:39:08,502] INFO  com.telcel.crm.dssc.respaldos.respaldosSoporte.utils.RespaldoArchivos - Porcentaje: 50%
[31-07-2025 23:39:08,548] INFO  com.telcel.crm.dssc.respaldos.respaldosSoporte.utils.RespaldoArchivos - Porcentaje: 50%
[31-07-2025 23:39:08,596] INFO  com.telcel.crm.dssc.respaldos.respaldosSoporte.utils.RespaldoArchivos - Porcentaje: 50%
[31-07-2025 23:39:08,642] INFO  com.telcel.crm.dssc.respaldos.respaldosSoporte.utils.RespaldoArchivos - Porcentaje: 50%
[31-07-2025 23:39:08,687] INFO  com.telcel.crm.dssc.respaldos.respaldosSoporte.utils.RespaldoArchivos - Porcentaje: 50%
[31-07-2025 23:39:08,732] INFO  com.telcel.crm.dssc.respaldos.respaldosSoporte.utils.RespaldoArchivos - Porcentaje: 50%
[31-07-2025 23:39:08,780] INFO  com.telcel.crm.dssc.respaldos.respaldosSoporte.utils.RespaldoArchivos - Porcentaje: 50%
[31-07-2025 23:39:08,824] INFO  com.telcel.crm.dssc.respaldos.respaldosSoporte.utils.RespaldoArchivos - Porcentaje: 50%
[31-07-2025 23:39:08,869] INFO  com.telcel.crm.dssc.respaldos.respaldosSoporte.utils.RespaldoArchivos - Porcentaje: 50%
[31-07-2025 23:39:14,526] INFO  com.telcel.crm.dssc.respaldos.respaldosSoporte.utils.RespaldoArchivos - Porcentaje: 60%
[31-07-2025 23:39:14,570] INFO  com.telcel.crm.dssc.respaldos.respaldosSoporte.utils.RespaldoArchivos - Porcentaje: 60%
[31-07-2025 23:39:14,617] INFO  com.telcel.crm.dssc.respaldos.respaldosSoporte.utils.RespaldoArchivos - Porcentaje: 60%
[31-07-2025 23:39:14,661] INFO  com.telcel.crm.dssc.respaldos.respaldosSoporte.utils.RespaldoArchivos - Porcentaje: 60%
[31-07-2025 23:39:14,708] INFO  com.telcel.crm.dssc.respaldos.respaldosSoporte.utils.RespaldoArchivos - Porcentaje: 60%
[31-07-2025 23:39:14,753] INFO  com.telcel.crm.dssc.respaldos.respaldosSoporte.utils.RespaldoArchivos - Porcentaje: 60%
[31-07-2025 23:39:14,801] INFO  com.telcel.crm.dssc.respaldos.respaldosSoporte.utils.RespaldoArchivos - Porcentaje: 60%
[31-07-2025 23:39:14,848] INFO  com.telcel.crm.dssc.respaldos.respaldosSoporte.utils.RespaldoArchivos - Porcentaje: 60%
[31-07-2025 23:39:14,896] INFO  com.telcel.crm.dssc.respaldos.respaldosSoporte.utils.RespaldoArchivos - Porcentaje: 60%
[31-07-2025 23:39:14,944] INFO  com.telcel.crm.dssc.respaldos.respaldosSoporte.utils.RespaldoArchivos - Porcentaje: 60%
[31-07-2025 23:39:14,991] INFO  com.telcel.crm.dssc.respaldos.respaldosSoporte.utils.RespaldoArchivos - Porcentaje: 60%
[31-07-2025 23:39:15,038] INFO  com.telcel.crm.dssc.respaldos.respaldosSoporte.utils.RespaldoArchivos - Porcentaje: 60%
[31-07-2025 23:39:20,475] INFO  com.telcel.crm.dssc.respaldos.respaldosSoporte.utils.RespaldoArchivos - Porcentaje: 70%
[31-07-2025 23:39:20,523] INFO  com.telcel.crm.dssc.respaldos.respaldosSoporte.utils.RespaldoArchivos - Porcentaje: 70%
[31-07-2025 23:39:20,574] INFO  com.telcel.crm.dssc.respaldos.respaldosSoporte.utils.RespaldoArchivos - Porcentaje: 70%
[31-07-2025 23:39:20,625] INFO  com.telcel.crm.dssc.respaldos.respaldosSoporte.utils.RespaldoArchivos - Porcentaje: 70%
[31-07-2025 23:39:20,675] INFO  com.telcel.crm.dssc.respaldos.respaldosSoporte.utils.RespaldoArchivos - Porcentaje: 70%
[31-07-2025 23:39:20,727] INFO  com.telcel.crm.dssc.respaldos.respaldosSoporte.utils.RespaldoArchivos - Porcentaje: 70%
[31-07-2025 23:39:20,775] INFO  com.telcel.crm.dssc.respaldos.respaldosSoporte.utils.RespaldoArchivos - Porcentaje: 70%
[31-07-2025 23:39:20,822] INFO  com.telcel.crm.dssc.respaldos.respaldosSoporte.utils.RespaldoArchivos - Porcentaje: 70%
[31-07-2025 23:39:20,870] INFO  com.telcel.crm.dssc.respaldos.respaldosSoporte.utils.RespaldoArchivos - Porcentaje: 70%
[31-07-2025 23:39:20,918] INFO  com.telcel.crm.dssc.respaldos.respaldosSoporte.utils.RespaldoArchivos - Porcentaje: 70%
[31-07-2025 23:39:20,970] INFO  com.telcel.crm.dssc.respaldos.respaldosSoporte.utils.RespaldoArchivos - Porcentaje: 70%
[31-07-2025 23:39:21,024] INFO  com.telcel.crm.dssc.respaldos.respaldosSoporte.utils.RespaldoArchivos - Porcentaje: 70%
[31-07-2025 23:39:26,139] INFO  com.telcel.crm.dssc.respaldos.respaldosSoporte.utils.RespaldoArchivos - Porcentaje: 80%
[31-07-2025 23:39:26,184] INFO  com.telcel.crm.dssc.respaldos.respaldosSoporte.utils.RespaldoArchivos - Porcentaje: 80%
[31-07-2025 23:39:26,230] INFO  com.telcel.crm.dssc.respaldos.respaldosSoporte.utils.RespaldoArchivos - Porcentaje: 80%
[31-07-2025 23:39:26,283] INFO  com.telcel.crm.dssc.respaldos.respaldosSoporte.utils.RespaldoArchivos - Porcentaje: 80%
[31-07-2025 23:39:26,330] INFO  com.telcel.crm.dssc.respaldos.respaldosSoporte.utils.RespaldoArchivos - Porcentaje: 80%
[31-07-2025 23:39:26,381] INFO  com.telcel.crm.dssc.respaldos.respaldosSoporte.utils.RespaldoArchivos - Porcentaje: 80%
[31-07-2025 23:39:26,433] INFO  com.telcel.crm.dssc.respaldos.respaldosSoporte.utils.RespaldoArchivos - Porcentaje: 80%
[31-07-2025 23:39:26,479] INFO  com.telcel.crm.dssc.respaldos.respaldosSoporte.utils.RespaldoArchivos - Porcentaje: 80%
[31-07-2025 23:39:26,531] INFO  com.telcel.crm.dssc.respaldos.respaldosSoporte.utils.RespaldoArchivos - Porcentaje: 80%
[31-07-2025 23:39:26,579] INFO  com.telcel.crm.dssc.respaldos.respaldosSoporte.utils.RespaldoArchivos - Porcentaje: 80%
[31-07-2025 23:39:26,625] INFO  com.telcel.crm.dssc.respaldos.respaldosSoporte.utils.RespaldoArchivos - Porcentaje: 80%
[31-07-2025 23:39:26,674] INFO  com.telcel.crm.dssc.respaldos.respaldosSoporte.utils.RespaldoArchivos - Porcentaje: 80%
[31-07-2025 23:39:32,056] INFO  com.telcel.crm.dssc.respaldos.respaldosSoporte.utils.RespaldoArchivos - Porcentaje: 90%
[31-07-2025 23:39:32,101] INFO  com.telcel.crm.dssc.respaldos.respaldosSoporte.utils.RespaldoArchivos - Porcentaje: 90%
[31-07-2025 23:39:32,157] INFO  com.telcel.crm.dssc.respaldos.respaldosSoporte.utils.RespaldoArchivos - Porcentaje: 90%
[31-07-2025 23:39:32,206] INFO  com.telcel.crm.dssc.respaldos.respaldosSoporte.utils.RespaldoArchivos - Porcentaje: 90%
[31-07-2025 23:39:32,256] INFO  com.telcel.crm.dssc.respaldos.respaldosSoporte.utils.RespaldoArchivos - Porcentaje: 90%
[31-07-2025 23:39:32,302] INFO  com.telcel.crm.dssc.respaldos.respaldosSoporte.utils.RespaldoArchivos - Porcentaje: 90%
[31-07-2025 23:39:32,347] INFO  com.telcel.crm.dssc.respaldos.respaldosSoporte.utils.RespaldoArchivos - Porcentaje: 90%
[31-07-2025 23:39:32,394] INFO  com.telcel.crm.dssc.respaldos.respaldosSoporte.utils.RespaldoArchivos - Porcentaje: 90%
[31-07-2025 23:39:32,439] INFO  com.telcel.crm.dssc.respaldos.respaldosSoporte.utils.RespaldoArchivos - Porcentaje: 90%
[31-07-2025 23:39:32,511] INFO  com.telcel.crm.dssc.respaldos.respaldosSoporte.utils.RespaldoArchivos - Porcentaje: 90%
[31-07-2025 23:39:32,557] INFO  com.telcel.crm.dssc.respaldos.respaldosSoporte.utils.RespaldoArchivos - Porcentaje: 90%
[31-07-2025 23:39:32,613] INFO  com.telcel.crm.dssc.respaldos.respaldosSoporte.utils.RespaldoArchivos - Porcentaje: 90%
[31-07-2025 23:39:38,027] INFO  com.telcel.crm.dssc.respaldos.respaldosSoporte.utils.RespaldoArchivos - Porcentaje: 100%
[31-07-2025 23:39:38,029] INFO  com.telcel.crm.dssc.respaldos.respaldosSoporte.utils.RespaldoArchivos - Archivo respaldados exitosamente. Cantidad: 1175
[31-07-2025 23:42:14,653] INFO  com.telcel.crm.dssc.respaldos.respaldosSoporte.RespaldosSoporteApplication - Se inicia Respaldos para fecha 310725
[31-07-2025 23:42:19,386] INFO  com.telcel.crm.dssc.respaldos.respaldosSoporte.RespaldosSoporteApplication - Archvios Encontrados: 1175
[31-07-2025 23:42:19,672] ERROR com.telcel.crm.dssc.respaldos.respaldosSoporte.utils.RespaldoArchivos - Error: 4: 
